<?xml version="1.0"?><coverage lines-covered="171" lines-valid="362" line-rate="0.4723756906077348" branches-covered="0" branches-valid="0" branch-rate="0" complexity="0" version="1.9" timestamp="1734290342"><sources><source>/Users/kolja/dev/orca</source></sources><packages><package name="tests" line-rate="0" branch-rate="0" complexity="0"><classes></classes></package><package name="src" line-rate="0.4723756906077348" branch-rate="0" complexity="0"><classes><class name="authorized" filename="src/authorized.rs" line-rate="0.9333333333333333" branch-rate="0" complexity="0"><methods/><lines><line number="21" hits="4"/><line number="22" hits="4"/><line number="27" hits="4"/><line number="28" hits="4"/><line number="29" hits="4"/><line number="30" hits="4"/><line number="33" hits="4"/><line number="34" hits="4"/><line number="47" hits="10"/><line number="48" hits="10"/><line number="49" hits="10"/><line number="51" hits="10"/><line number="53" hits="10"/><line number="54" hits="26"/><line number="55" hits="26"/><line number="56" hits="26"/><line number="57" hits="26"/><line number="58" hits="16"/><line number="59" hits="12"/><line number="60" hits="6"/><line number="61" hits="6"/><line number="64" hits="6"/><line number="65" hits="6"/><line number="66" hits="6"/><line number="67" hits="6"/><line number="70" hits="0"/><line number="73" hits="0"/><line number="77" hits="10"/><line number="78" hits="6"/><line number="83" hits="4"/></lines></class><class name="config" filename="src/config.rs" line-rate="0.9411764705882353" branch-rate="0" complexity="0"><methods/><lines><line number="43" hits="4"/><line number="44" hits="4"/><line number="46" hits="4"/><line number="48" hits="10"/><line number="49" hits="3"/><line number="50" hits="3"/><line number="51" hits="3"/><line number="53" hits="3"/><line number="55" hits="9"/><line number="58" hits="15"/><line number="59" hits="15"/><line number="60" hits="9"/><line number="61" hits="6"/><line number="65" hits="13"/><line number="66" hits="13"/><line number="67" hits="5"/><line number="68" hits="5"/><line number="69" hits="5"/><line number="72" hits="16"/><line number="73" hits="8"/><line number="74" hits="8"/><line number="77" hits="2"/><line number="78" hits="2"/><line number="80" hits="4"/><line number="81" hits="6"/><line number="84" hits="4"/><line number="85" hits="6"/><line number="88" hits="2"/><line number="90" hits="2"/><line number="91" hits="0"/><line number="92" hits="0"/><line number="96" hits="1"/><line number="98" hits="1"/><line number="99" hits="1"/></lines></class><class name="hash" filename="src/hash.rs" line-rate="0.9361702127659575" branch-rate="0" complexity="0"><methods/><lines><line number="21" hits="4"/><line number="23" hits="4"/><line number="29" hits="1"/><line number="30" hits="1"/><line number="35" hits="0"/><line number="36" hits="0"/><line number="41" hits="4"/><line number="42" hits="4"/><line number="43" hits="4"/><line number="44" hits="2"/><line number="47" hits="4"/><line number="48" hits="2"/><line number="50" hits="2"/><line number="51" hits="2"/><line number="52" hits="2"/><line number="53" hits="2"/><line number="57" hits="15"/><line number="58" hits="15"/><line number="59" hits="15"/><line number="60" hits="2"/><line number="63" hits="26"/><line number="65" hits="13"/><line number="66" hits="13"/><line number="67" hits="13"/><line number="68" hits="13"/><line number="72" hits="15"/><line number="74" hits="15"/><line number="76" hits="15"/><line number="77" hits="0"/><line number="80" hits="15"/><line number="83" hits="2"/><line number="84" hits="2"/><line number="85" hits="2"/><line number="87" hits="2"/><line number="91" hits="9"/><line number="92" hits="9"/><line number="93" hits="9"/><line number="94" hits="9"/><line number="95" hits="9"/><line number="100" hits="2"/><line number="101" hits="3"/><line number="102" hits="1"/><line number="103" hits="1"/><line number="104" hits="1"/><line number="105" hits="1"/><line number="106" hits="1"/><line number="107" hits="1"/></lines></class><class name="lib" filename="src/lib.rs" line-rate="0.509090909090909" branch-rate="0" complexity="0"><methods/><lines><line number="25" hits="6"/><line number="26" hits="12"/><line number="28" hits="12"/><line number="30" hits="6"/><line number="31" hits="6"/><line number="32" hits="0"/><line number="33" hits="0"/><line number="34" hits="0"/><line number="40" hits="10"/><line number="42" hits="10"/><line number="43" hits="30"/><line number="46" hits="10"/><line number="47" hits="10"/><line number="48" hits="10"/><line number="50" hits="0"/><line number="53" hits="10"/><line number="54" hits="0"/><line number="55" hits="0"/><line number="58" hits="10"/><line number="60" hits="10"/><line number="61" hits="80"/><line number="62" hits="70"/><line number="63" hits="70"/><line number="64" hits="70"/><line number="78" hits="0"/><line number="79" hits="0"/><line number="80" hits="0"/><line number="81" hits="0"/><line number="83" hits="0"/><line number="85" hits="0"/><line number="87" hits="0"/><line number="88" hits="0"/><line number="89" hits="0"/><line number="90" hits="0"/><line number="92" hits="0"/><line number="94" hits="0"/><line number="96" hits="0"/><line number="97" hits="0"/><line number="99" hits="0"/><line number="101" hits="0"/><line number="102" hits="0"/><line number="103" hits="0"/><line number="104" hits="0"/><line number="106" hits="0"/><line number="108" hits="0"/><line number="113" hits="10"/><line number="114" hits="10"/><line number="115" hits="10"/><line number="116" hits="10"/><line number="117" hits="10"/><line number="118" hits="10"/><line number="119" hits="10"/><line number="120" hits="10"/><line number="121" hits="10"/><line number="122" hits="10"/></lines></class><class name="main" filename="src/main.rs" line-rate="0" branch-rate="0" complexity="0"><methods/><lines><line number="22" hits="0"/><line number="23" hits="0"/><line number="24" hits="0"/><line number="25" hits="0"/></lines></class><class name="routes" filename="src/routes.rs" line-rate="0.21666666666666667" branch-rate="0" complexity="0"><methods/><lines><line number="45" hits="6"/><line number="46" hits="6"/><line number="47" hits="12"/><line number="48" hits="0"/><line number="49" hits="0"/><line number="50" hits="0"/><line number="54" hits="6"/><line number="55" hits="6"/><line number="56" hits="6"/><line number="58" hits="6"/><line number="59" hits="0"/><line number="60" hits="0"/><line number="61" hits="0"/><line number="69" hits="0"/><line number="75" hits="0"/><line number="76" hits="0"/><line number="77" hits="0"/><line number="79" hits="0"/><line number="80" hits="0"/><line number="84" hits="0"/><line number="86" hits="0"/><line number="90" hits="0"/><line number="91" hits="0"/><line number="94" hits="0"/><line number="96" hits="0"/><line number="97" hits="0"/><line number="99" hits="0"/><line number="100" hits="0"/><line number="101" hits="0"/><line number="102" hits="0"/><line number="103" hits="0"/><line number="108" hits="0"/><line number="114" hits="0"/><line number="115" hits="0"/><line number="116" hits="0"/><line number="118" hits="0"/><line number="119" hits="0"/><line number="123" hits="0"/><line number="125" hits="0"/><line number="134" hits="0"/><line number="135" hits="0"/><line number="136" hits="0"/><line number="137" hits="0"/><line number="140" hits="0"/><line number="141" hits="0"/><line number="144" hits="0"/><line number="146" hits="0"/><line number="147" hits="0"/><line number="149" hits="0"/><line number="150" hits="0"/><line number="151" hits="0"/><line number="152" hits="0"/><line number="153" hits="0"/><line number="158" hits="8"/><line number="159" hits="4"/><line number="161" hits="4"/><line number="162" hits="4"/><line number="163" hits="4"/><line number="164" hits="4"/><line number="168" hits="0"/><line number="174" hits="0"/><line number="175" hits="0"/><line number="177" hits="0"/><line number="178" hits="0"/><line number="179" hits="0"/><line number="183" hits="0"/><line number="189" hits="0"/><line number="190" hits="0"/><line number="191" hits="0"/><line number="192" hits="0"/><line number="193" hits="0"/><line number="196" hits="0"/><line number="197" hits="0"/><line number="199" hits="0"/><line number="203" hits="0"/><line number="204" hits="0"/><line number="205" hits="0"/><line number="206" hits="0"/><line number="207" hits="0"/><line number="212" hits="0"/><line number="213" hits="0"/><line number="214" hits="0"/><line number="218" hits="0"/><line number="224" hits="0"/><line number="225" hits="0"/><line number="226" hits="0"/><line number="227" hits="0"/><line number="229" hits="0"/><line number="230" hits="0"/><line number="231" hits="0"/><line number="234" hits="0"/><line number="248" hits="0"/><line number="249" hits="0"/><line number="250" hits="0"/><line number="251" hits="0"/><line number="252" hits="0"/><line number="253" hits="0"/><line number="254" hits="0"/><line number="255" hits="0"/><line number="256" hits="0"/><line number="257" hits="0"/><line number="258" hits="0"/><line number="259" hits="0"/><line number="260" hits="0"/><line number="261" hits="0"/><line number="262" hits="0"/><line number="267" hits="0"/><line number="269" hits="0"/><line number="270" hits="0"/><line number="274" hits="0"/><line number="280" hits="0"/><line number="281" hits="0"/><line number="283" hits="0"/><line number="284" hits="0"/><line number="286" hits="0"/><line number="287" hits="0"/><line number="288" hits="0"/><line number="291" hits="0"/><line number="295" hits="0"/><line number="296" hits="0"/><line number="297" hits="0"/><line number="298" hits="0"/><line number="299" hits="0"/><line number="304" hits="0"/><line number="305" hits="0"/><line number="307" hits="0"/><line number="311" hits="0"/><line number="317" hits="0"/><line number="318" hits="0"/><line number="319" hits="0"/><line number="320" hits="0"/><line number="322" hits="0"/><line number="323" hits="0"/><line number="324" hits="0"/><line number="327" hits="0"/><line number="341" hits="0"/><line number="342" hits="0"/><line number="343" hits="0"/><line number="344" hits="0"/><line number="345" hits="0"/><line number="346" hits="0"/><line number="347" hits="0"/><line number="348" hits="0"/><line number="349" hits="0"/><line number="350" hits="0"/><line number="351" hits="0"/><line number="352" hits="0"/><line number="353" hits="0"/><line number="354" hits="0"/><line number="355" hits="0"/><line number="360" hits="0"/><line number="362" hits="0"/><line number="363" hits="0"/><line number="367" hits="2"/><line number="373" hits="2"/><line number="374" hits="2"/><line number="376" hits="2"/><line number="377" hits="2"/><line number="379" hits="4"/><line number="380" hits="2"/><line number="381" hits="0"/><line number="384" hits="2"/><line number="394" hits="2"/><line number="395" hits="8"/><line number="396" hits="6"/><line number="397" hits="6"/><line number="398" hits="6"/><line number="399" hits="6"/><line number="400" hits="6"/><line number="401" hits="6"/><line number="402" hits="6"/><line number="403" hits="6"/><line number="404" hits="6"/><line number="405" hits="6"/><line number="406" hits="6"/><line number="407" hits="6"/><line number="408" hits="6"/><line number="412" hits="10"/><line number="414" hits="2"/><line number="416" hits="2"/></lines></class><class name="tls" filename="src/tls.rs" line-rate="0" branch-rate="0" complexity="0"><methods/><lines><line number="6" hits="0"/><line number="8" hits="0"/><line number="12" hits="0"/><line number="14" hits="0"/><line number="15" hits="0"/><line number="17" hits="0"/><line number="18" hits="0"/><line number="19" hits="0"/><line number="24" hits="0"/><line number="25" hits="0"/><line number="26" hits="0"/><line number="29" hits="0"/></lines></class></classes></package></packages></coverage>